{"C:\\Users\\gonza\\Desktop\\itb ts\\Dex-metrics-plotter\\service_provider\\src\\app.ts": {"path":"C:\\Users\\gonza\\Desktop\\itb ts\\Dex-metrics-plotter\\service_provider\\src\\app.ts","statementMap":{"0":{"start":{"line":1,"column":0},"end":{"line":1,"column":23}},"1":{"start":{"line":2,"column":0},"end":{"line":2,"column":28}},"2":{"start":{"line":3,"column":0},"end":{"line":3,"column":35}},"3":{"start":{"line":4,"column":0},"end":{"line":4,"column":37}},"4":{"start":{"line":5,"column":0},"end":{"line":5,"column":47}},"5":{"start":{"line":6,"column":0},"end":{"line":6,"column":48}},"6":{"start":{"line":7,"column":0},"end":{"line":7,"column":50}},"7":{"start":{"line":10,"column":0},"end":{"line":12,"column":3}},"8":{"start":{"line":11,"column":2},"end":{"line":11,"column":46}},"9":{"start":{"line":17,"column":0},"end":{"line":17,"column":13}},"10":{"start":{"line":20,"column":25},"end":{"line":20,"column":34}},"11":{"start":{"line":23,"column":0},"end":{"line":23,"column":23}},"12":{"start":{"line":26,"column":0},"end":{"line":26,"column":23}},"13":{"start":{"line":29,"column":0},"end":{"line":29,"column":12}},"14":{"start":{"line":32,"column":0},"end":{"line":32,"column":29}},"15":{"start":{"line":34,"column":0},"end":{"line":34,"column":13}}},"fnMap":{"0":{"name":"(anonymous_1)","decl":{"start":{"line":10,"column":33},"end":{"line":10,"column":34}},"loc":{"start":{"line":10,"column":43},"end":{"line":12,"column":1}}}},"branchMap":{},"s":{"0":1,"1":1,"2":1,"3":1,"4":1,"5":1,"6":1,"7":1,"8":0,"9":1,"10":1,"11":1,"12":1,"13":1,"14":1,"15":1},"f":{"0":0},"b":{}}
,"C:\\Users\\gonza\\Desktop\\itb ts\\Dex-metrics-plotter\\service_provider\\src\\requestConfig.ts": {"path":"C:\\Users\\gonza\\Desktop\\itb ts\\Dex-metrics-plotter\\service_provider\\src\\requestConfig.ts","statementMap":{"0":{"start":{"line":1,"column":0},"end":{"line":1,"column":80}},"1":{"start":{"line":4,"column":2},"end":{"line":4,"column":26}},"2":{"start":{"line":5,"column":2},"end":{"line":5,"column":50}},"3":{"start":{"line":8,"column":2},"end":{"line":15,"column":5}},"4":{"start":{"line":9,"column":4},"end":{"line":9,"column":51}},"5":{"start":{"line":10,"column":4},"end":{"line":10,"column":52}},"6":{"start":{"line":11,"column":4},"end":{"line":13,"column":null}},"7":{"start":{"line":12,"column":6},"end":{"line":12,"column":54}},"8":{"start":{"line":14,"column":4},"end":{"line":14,"column":11}},"9":{"start":{"line":18,"column":0},"end":{"line":18,"column":23}}},"fnMap":{"0":{"name":"requestConfig","decl":{"start":{"line":3,"column":9},"end":{"line":3,"column":22}},"loc":{"start":{"line":3,"column":39},"end":{"line":16,"column":1}}},"1":{"name":"(anonymous_2)","decl":{"start":{"line":8,"column":10},"end":{"line":8,"column":11}},"loc":{"start":{"line":8,"column":62},"end":{"line":15,"column":3}}}},"branchMap":{"0":{"loc":{"start":{"line":11,"column":4},"end":{"line":13,"column":null}},"type":"if","locations":[{"start":{"line":11,"column":4},"end":{"line":13,"column":null}}]}},"s":{"0":1,"1":1,"2":1,"3":1,"4":7,"5":7,"6":7,"7":0,"8":7,"9":1},"f":{"0":1,"1":7},"b":{"0":[0]}}
,"C:\\Users\\gonza\\Desktop\\itb ts\\Dex-metrics-plotter\\service_provider\\src\\bin\\www.ts": {"path":"C:\\Users\\gonza\\Desktop\\itb ts\\Dex-metrics-plotter\\service_provider\\src\\bin\\www.ts","statementMap":{"0":{"start":{"line":1,"column":0},"end":{"line":1,"column":29}},"1":{"start":{"line":2,"column":0},"end":{"line":2,"column":25}},"2":{"start":{"line":4,"column":20},"end":{"line":4,"column":43}},"3":{"start":{"line":8,"column":2},"end":{"line":8,"column":66}},"4":{"start":{"line":11,"column":28},"end":{"line":11,"column":50}},"5":{"start":{"line":14,"column":0},"end":{"line":14,"column":20}},"6":{"start":{"line":17,"column":0},"end":{"line":20,"column":3}},"7":{"start":{"line":18,"column":2},"end":{"line":18,"column":19}},"8":{"start":{"line":19,"column":2},"end":{"line":19,"column":23}},"9":{"start":{"line":22,"column":0},"end":{"line":24,"column":2}},"10":{"start":{"line":23,"column":2},"end":{"line":23,"column":72}},"11":{"start":{"line":26,"column":0},"end":{"line":26,"column":16}}},"fnMap":{"0":{"name":"(anonymous_7)","decl":{"start":{"line":17,"column":19},"end":{"line":17,"column":20}},"loc":{"start":{"line":17,"column":35},"end":{"line":20,"column":1}}},"1":{"name":"(anonymous_8)","decl":{"start":{"line":22,"column":23},"end":{"line":22,"column":26}},"loc":{"start":{"line":23,"column":2},"end":{"line":23,"column":72}}}},"branchMap":{"0":{"loc":{"start":{"line":8,"column":2},"end":{"line":8,"column":66}},"type":"binary-expr","locations":[{"start":{"line":8,"column":3},"end":{"line":8,"column":23}},{"start":{"line":8,"column":27},"end":{"line":8,"column":57}},{"start":{"line":8,"column":62},"end":{"line":8,"column":66}}]}},"s":{"0":1,"1":1,"2":1,"3":1,"4":1,"5":1,"6":1,"7":0,"8":0,"9":1,"10":1,"11":1},"f":{"0":0,"1":1},"b":{"0":[1,0,1]}}
,"C:\\Users\\gonza\\Desktop\\itb ts\\Dex-metrics-plotter\\service_provider\\src\\controllers\\index.ts": {"path":"C:\\Users\\gonza\\Desktop\\itb ts\\Dex-metrics-plotter\\service_provider\\src\\controllers\\index.ts","statementMap":{"0":{"start":{"line":1,"column":0},"end":{"line":1,"column":37}},"1":{"start":{"line":3,"column":0},"end":{"line":3,"column":29}}},"fnMap":{},"branchMap":{},"s":{"0":1,"1":1},"f":{},"b":{}}
,"C:\\Users\\gonza\\Desktop\\itb ts\\Dex-metrics-plotter\\service_provider\\src\\controllers\\metrics\\getByDateRange.ts": {"path":"C:\\Users\\gonza\\Desktop\\itb ts\\Dex-metrics-plotter\\service_provider\\src\\controllers\\metrics\\getByDateRange.ts","statementMap":{"0":{"start":{"line":1,"column":0},"end":{"line":1,"column":38}},"1":{"start":{"line":2,"column":0},"end":{"line":2,"column":32}},"2":{"start":{"line":3,"column":0},"end":{"line":3,"column":57}},"3":{"start":{"line":5,"column":18},"end":{"line":5,"column":41}},"4":{"start":{"line":7,"column":30},"end":{"line":73,"column":2}},"5":{"start":{"line":11,"column":22},"end":{"line":73,"column":2}},"6":{"start":{"line":12,"column":2},"end":{"line":72,"column":null}},"7":{"start":{"line":14,"column":20},"end":{"line":52,"column":6}},"8":{"start":{"line":55,"column":4},"end":{"line":61,"column":null}},"9":{"start":{"line":56,"column":6},"end":{"line":60,"column":8}},"10":{"start":{"line":64,"column":4},"end":{"line":64,"column":68}},"11":{"start":{"line":66,"column":4},"end":{"line":66,"column":21}},"12":{"start":{"line":67,"column":4},"end":{"line":71,"column":6}},"13":{"start":{"line":75,"column":0},"end":{"line":75,"column":31}}},"fnMap":{"0":{"name":"(anonymous_8)","decl":{"start":{"line":7,"column":30},"end":{"line":7,"column":null}},"loc":{"start":{"line":11,"column":22},"end":{"line":73,"column":2}}},"1":{"name":"(anonymous_9)","decl":{"start":{"line":11,"column":22},"end":{"line":11,"column":null}},"loc":{"start":{"line":11,"column":22},"end":{"line":73,"column":1}}}},"branchMap":{"0":{"loc":{"start":{"line":55,"column":4},"end":{"line":61,"column":null}},"type":"if","locations":[{"start":{"line":55,"column":4},"end":{"line":61,"column":null}}]}},"s":{"0":1,"1":1,"2":1,"3":1,"4":1,"5":2,"6":2,"7":2,"8":2,"9":0,"10":2,"11":0,"12":0,"13":1},"f":{"0":2,"1":2},"b":{"0":[0]}}
,"C:\\Users\\gonza\\Desktop\\itb ts\\Dex-metrics-plotter\\service_provider\\src\\controllers\\metrics\\index.ts": {"path":"C:\\Users\\gonza\\Desktop\\itb ts\\Dex-metrics-plotter\\service_provider\\src\\controllers\\metrics\\index.ts","statementMap":{"0":{"start":{"line":1,"column":0},"end":{"line":1,"column":7}},"1":{"start":{"line":3,"column":9},"end":{"line":1,"column":46}}},"fnMap":{},"branchMap":{},"s":{"0":1,"1":1},"f":{},"b":{}}
,"C:\\Users\\gonza\\Desktop\\itb ts\\Dex-metrics-plotter\\service_provider\\src\\functions\\index.ts": {"path":"C:\\Users\\gonza\\Desktop\\itb ts\\Dex-metrics-plotter\\service_provider\\src\\functions\\index.ts","statementMap":{"0":{"start":{"line":1,"column":0},"end":{"line":1,"column":37}},"1":{"start":{"line":3,"column":9},"end":{"line":3,"column":16}}},"fnMap":{},"branchMap":{},"s":{"0":1,"1":1},"f":{},"b":{}}
,"C:\\Users\\gonza\\Desktop\\itb ts\\Dex-metrics-plotter\\service_provider\\src\\functions\\metrics\\getByDateRange.ts": {"path":"C:\\Users\\gonza\\Desktop\\itb ts\\Dex-metrics-plotter\\service_provider\\src\\functions\\metrics\\getByDateRange.ts","statementMap":{"0":{"start":{"line":1,"column":20},"end":{"line":1,"column":48}},"1":{"start":{"line":12,"column":23},"end":{"line":23,"column":2}},"2":{"start":{"line":16,"column":37},"end":{"line":23,"column":2}},"3":{"start":{"line":17,"column":19},"end":{"line":20,"column":null}},"4":{"start":{"line":22,"column":2},"end":{"line":22,"column":18}},"5":{"start":{"line":25,"column":0},"end":{"line":25,"column":24}}},"fnMap":{"0":{"name":"(anonymous_7)","decl":{"start":{"line":12,"column":23},"end":{"line":12,"column":30}},"loc":{"start":{"line":16,"column":37},"end":{"line":23,"column":2}}},"1":{"name":"(anonymous_8)","decl":{"start":{"line":16,"column":37},"end":{"line":16,"column":null}},"loc":{"start":{"line":16,"column":37},"end":{"line":23,"column":1}}}},"branchMap":{},"s":{"0":1,"1":1,"2":2,"3":2,"4":2,"5":1},"f":{"0":2,"1":2},"b":{}}
,"C:\\Users\\gonza\\Desktop\\itb ts\\Dex-metrics-plotter\\service_provider\\src\\functions\\metrics\\index.ts": {"path":"C:\\Users\\gonza\\Desktop\\itb ts\\Dex-metrics-plotter\\service_provider\\src\\functions\\metrics\\index.ts","statementMap":{"0":{"start":{"line":1,"column":0},"end":{"line":1,"column":7}},"1":{"start":{"line":3,"column":9},"end":{"line":1,"column":46}}},"fnMap":{},"branchMap":{},"s":{"0":1,"1":1},"f":{},"b":{}}
,"C:\\Users\\gonza\\Desktop\\itb ts\\Dex-metrics-plotter\\service_provider\\src\\loaders\\index.ts": {"path":"C:\\Users\\gonza\\Desktop\\itb ts\\Dex-metrics-plotter\\service_provider\\src\\loaders\\index.ts","statementMap":{"0":{"start":{"line":1,"column":0},"end":{"line":1,"column":39}},"1":{"start":{"line":4,"column":2},"end":{"line":4,"column":13}},"2":{"start":{"line":7,"column":0},"end":{"line":7,"column":14}}},"fnMap":{"0":{"name":"init","decl":{"start":{"line":3,"column":9},"end":{"line":3,"column":13}},"loc":{"start":{"line":3,"column":13},"end":{"line":5,"column":1}}}},"branchMap":{},"s":{"0":1,"1":1,"2":1},"f":{"0":1},"b":{}}
,"C:\\Users\\gonza\\Desktop\\itb ts\\Dex-metrics-plotter\\service_provider\\src\\loaders\\mongodbLoader.ts": {"path":"C:\\Users\\gonza\\Desktop\\itb ts\\Dex-metrics-plotter\\service_provider\\src\\loaders\\mongodbLoader.ts","statementMap":{"0":{"start":{"line":1,"column":0},"end":{"line":1,"column":32}},"1":{"start":{"line":2,"column":0},"end":{"line":2,"column":47}},"2":{"start":{"line":6,"column":2},"end":{"line":6,"column":17}},"3":{"start":{"line":8,"column":26},"end":{"line":10,"column":23}},"4":{"start":{"line":11,"column":2},"end":{"line":27,"column":null}},"5":{"start":{"line":12,"column":23},"end":{"line":18,"column":6}},"6":{"start":{"line":20,"column":4},"end":{"line":22,"column":6}},"7":{"start":{"line":23,"column":4},"end":{"line":23,"column":33}},"8":{"start":{"line":25,"column":4},"end":{"line":25,"column":56}},"9":{"start":{"line":26,"column":4},"end":{"line":26,"column":27}},"10":{"start":{"line":30,"column":0},"end":{"line":30,"column":24}}},"fnMap":{"0":{"name":"mongooseLoader","decl":{"start":{"line":5,"column":15},"end":{"line":5,"column":29}},"loc":{"start":{"line":5,"column":29},"end":{"line":28,"column":null}}}},"branchMap":{"0":{"loc":{"start":{"line":8,"column":26},"end":{"line":10,"column":23}},"type":"cond-expr","locations":[{"start":{"line":9,"column":6},"end":{"line":9,"column":30}},{"start":{"line":10,"column":6},"end":{"line":10,"column":23}}]}},"s":{"0":1,"1":1,"2":1,"3":1,"4":1,"5":1,"6":1,"7":1,"8":0,"9":0,"10":1},"f":{"0":1},"b":{"0":[1,0]}}
,"C:\\Users\\gonza\\Desktop\\itb ts\\Dex-metrics-plotter\\service_provider\\src\\mongooseModels\\index.ts": {"path":"C:\\Users\\gonza\\Desktop\\itb ts\\Dex-metrics-plotter\\service_provider\\src\\mongooseModels\\index.ts","statementMap":{"0":{"start":{"line":1,"column":0},"end":{"line":1,"column":32}},"1":{"start":{"line":3,"column":0},"end":{"line":3,"column":24}}},"fnMap":{},"branchMap":{},"s":{"0":1,"1":1},"f":{},"b":{}}
,"C:\\Users\\gonza\\Desktop\\itb ts\\Dex-metrics-plotter\\service_provider\\src\\mongooseModels\\pair.ts": {"path":"C:\\Users\\gonza\\Desktop\\itb ts\\Dex-metrics-plotter\\service_provider\\src\\mongooseModels\\pair.ts","statementMap":{"0":{"start":{"line":1,"column":0},"end":{"line":1,"column":50}},"1":{"start":{"line":4,"column":19},"end":{"line":10,"column":2}},"2":{"start":{"line":12,"column":18},"end":{"line":12,"column":51}},"3":{"start":{"line":14,"column":0},"end":{"line":14,"column":19}}},"fnMap":{},"branchMap":{},"s":{"0":1,"1":1,"2":1,"3":1},"f":{},"b":{}}
,"C:\\Users\\gonza\\Desktop\\itb ts\\Dex-metrics-plotter\\service_provider\\src\\router\\router.ts": {"path":"C:\\Users\\gonza\\Desktop\\itb ts\\Dex-metrics-plotter\\service_provider\\src\\router\\router.ts","statementMap":{"0":{"start":{"line":3,"column":18},"end":{"line":3,"column":41}},"1":{"start":{"line":4,"column":43},"end":{"line":4,"column":74}},"2":{"start":{"line":7,"column":22},"end":{"line":20,"column":1}},"3":{"start":{"line":8,"column":35},"end":{"line":17,"column":4}},"4":{"start":{"line":8,"column":60},"end":{"line":17,"column":4}},"5":{"start":{"line":9,"column":26},"end":{"line":9,"column":35}},"6":{"start":{"line":10,"column":32},"end":{"line":10,"column":71}},"7":{"start":{"line":11,"column":4},"end":{"line":16,"column":null}},"8":{"start":{"line":11,"column":28},"end":{"line":11,"column":50}},"9":{"start":{"line":13,"column":32},"end":{"line":13,"column":63}},"10":{"start":{"line":14,"column":6},"end":{"line":15,"column":35}},"11":{"start":{"line":14,"column":28},"end":{"line":14,"column":48}},"12":{"start":{"line":15,"column":11},"end":{"line":15,"column":35}},"13":{"start":{"line":19,"column":2},"end":{"line":19,"column":18}},"14":{"start":{"line":23,"column":15},"end":{"line":34,"column":1}},"15":{"start":{"line":25,"column":2},"end":{"line":33,"column":6}},"16":{"start":{"line":36,"column":0},"end":{"line":36,"column":16}}},"fnMap":{"0":{"name":"(anonymous_7)","decl":{"start":{"line":7,"column":22},"end":{"line":7,"column":23}},"loc":{"start":{"line":7,"column":62},"end":{"line":20,"column":1}}},"1":{"name":"(anonymous_8)","decl":{"start":{"line":8,"column":35},"end":{"line":8,"column":42}},"loc":{"start":{"line":8,"column":60},"end":{"line":17,"column":4}}},"2":{"name":"(anonymous_9)","decl":{"start":{"line":8,"column":60},"end":{"line":8,"column":null}},"loc":{"start":{"line":8,"column":60},"end":{"line":17,"column":3}}},"3":{"name":"(anonymous_10)","decl":{"start":{"line":23,"column":15},"end":{"line":23,"column":16}},"loc":{"start":{"line":23,"column":36},"end":{"line":34,"column":1}}}},"branchMap":{"0":{"loc":{"start":{"line":11,"column":4},"end":{"line":16,"column":null}},"type":"if","locations":[{"start":{"line":11,"column":4},"end":{"line":16,"column":null}},{"start":{"line":12,"column":9},"end":{"line":16,"column":null}}]},"1":{"loc":{"start":{"line":14,"column":6},"end":{"line":15,"column":35}},"type":"if","locations":[{"start":{"line":14,"column":6},"end":{"line":15,"column":35}},{"start":{"line":15,"column":11},"end":{"line":15,"column":35}}]}},"s":{"0":1,"1":1,"2":1,"3":1,"4":6,"5":6,"6":6,"7":6,"8":4,"9":2,"10":2,"11":0,"12":2,"13":1,"14":1,"15":1,"16":1},"f":{"0":1,"1":6,"2":6,"3":1},"b":{"0":[4,2],"1":[0,2]}}
,"C:\\Users\\gonza\\Desktop\\itb ts\\Dex-metrics-plotter\\service_provider\\src\\router\\expressMiddlewares\\index.ts": {"path":"C:\\Users\\gonza\\Desktop\\itb ts\\Dex-metrics-plotter\\service_provider\\src\\router\\expressMiddlewares\\index.ts","statementMap":{"0":{"start":{"line":1,"column":0},"end":{"line":1,"column":52}},"1":{"start":{"line":4,"column":9},"end":{"line":4,"column":23}},"2":{"start":{"line":2,"column":0},"end":{"line":2,"column":51}},"3":{"start":{"line":4,"column":25},"end":{"line":4,"column":39}}},"fnMap":{},"branchMap":{},"s":{"0":1,"1":1,"2":1,"3":1},"f":{},"b":{}}
,"C:\\Users\\gonza\\Desktop\\itb ts\\Dex-metrics-plotter\\service_provider\\src\\router\\expressMiddlewares\\authentication\\apiKey.ts": {"path":"C:\\Users\\gonza\\Desktop\\itb ts\\Dex-metrics-plotter\\service_provider\\src\\router\\expressMiddlewares\\authentication\\apiKey.ts","statementMap":{"0":{"start":{"line":2,"column":0},"end":{"line":2,"column":38}},"1":{"start":{"line":4,"column":41},"end":{"line":4,"column":60}},"2":{"start":{"line":7,"column":31},"end":{"line":15,"column":1}},"3":{"start":{"line":8,"column":54},"end":{"line":8,"column":76}},"4":{"start":{"line":10,"column":2},"end":{"line":14,"column":null}},"5":{"start":{"line":11,"column":4},"end":{"line":11,"column":11}},"6":{"start":{"line":13,"column":4},"end":{"line":13,"column":64}},"7":{"start":{"line":16,"column":0},"end":{"line":16,"column":16}}},"fnMap":{"0":{"name":"(anonymous_1)","decl":{"start":{"line":7,"column":31},"end":{"line":7,"column":32}},"loc":{"start":{"line":7,"column":50},"end":{"line":15,"column":1}}}},"branchMap":{"0":{"loc":{"start":{"line":10,"column":2},"end":{"line":14,"column":null}},"type":"if","locations":[{"start":{"line":10,"column":2},"end":{"line":14,"column":null}},{"start":{"line":12,"column":9},"end":{"line":14,"column":null}}]}},"s":{"0":1,"1":1,"2":1,"3":7,"4":7,"5":6,"6":1,"7":1},"f":{"0":7},"b":{"0":[6,1]}}
,"C:\\Users\\gonza\\Desktop\\itb ts\\Dex-metrics-plotter\\service_provider\\src\\router\\expressMiddlewares\\authentication\\index.ts": {"path":"C:\\Users\\gonza\\Desktop\\itb ts\\Dex-metrics-plotter\\service_provider\\src\\router\\expressMiddlewares\\authentication\\index.ts","statementMap":{"0":{"start":{"line":1,"column":0},"end":{"line":1,"column":7}},"1":{"start":{"line":3,"column":9},"end":{"line":1,"column":30}}},"fnMap":{},"branchMap":{},"s":{"0":1,"1":1},"f":{},"b":{}}
,"C:\\Users\\gonza\\Desktop\\itb ts\\Dex-metrics-plotter\\service_provider\\src\\router\\expressMiddlewares\\queryValidation\\commands.ts": {"path":"C:\\Users\\gonza\\Desktop\\itb ts\\Dex-metrics-plotter\\service_provider\\src\\router\\expressMiddlewares\\queryValidation\\commands.ts","statementMap":{"0":{"start":{"line":3,"column":17},"end":{"line":5,"column":2}},"1":{"start":{"line":7,"column":0},"end":{"line":7,"column":18}}},"fnMap":{},"branchMap":{},"s":{"0":1,"1":1},"f":{},"b":{}}
,"C:\\Users\\gonza\\Desktop\\itb ts\\Dex-metrics-plotter\\service_provider\\src\\router\\expressMiddlewares\\queryValidation\\index.ts": {"path":"C:\\Users\\gonza\\Desktop\\itb ts\\Dex-metrics-plotter\\service_provider\\src\\router\\expressMiddlewares\\queryValidation\\index.ts","statementMap":{"0":{"start":{"line":1,"column":0},"end":{"line":1,"column":7}},"1":{"start":{"line":4,"column":9},"end":{"line":1,"column":39}},"2":{"start":{"line":2,"column":0},"end":{"line":2,"column":7}},"3":{"start":{"line":4,"column":19},"end":{"line":2,"column":34}}},"fnMap":{},"branchMap":{},"s":{"0":1,"1":1,"2":1,"3":1},"f":{},"b":{}}
,"C:\\Users\\gonza\\Desktop\\itb ts\\Dex-metrics-plotter\\service_provider\\src\\router\\expressMiddlewares\\queryValidation\\validateQuery.ts": {"path":"C:\\Users\\gonza\\Desktop\\itb ts\\Dex-metrics-plotter\\service_provider\\src\\router\\expressMiddlewares\\queryValidation\\validateQuery.ts","statementMap":{"0":{"start":{"line":1,"column":0},"end":{"line":1,"column":22}},"1":{"start":{"line":2,"column":0},"end":{"line":2,"column":38}},"2":{"start":{"line":3,"column":0},"end":{"line":3,"column":34}},"3":{"start":{"line":4,"column":0},"end":{"line":4,"column":60}},"4":{"start":{"line":7,"column":43},"end":{"line":11,"column":2}},"5":{"start":{"line":13,"column":22},"end":{"line":30,"column":1}},"6":{"start":{"line":15,"column":24},"end":{"line":15,"column":26}},"7":{"start":{"line":16,"column":2},"end":{"line":20,"column":null}},"8":{"start":{"line":18,"column":6},"end":{"line":18,"column":52}},"9":{"start":{"line":19,"column":6},"end":{"line":19,"column":12}},"10":{"start":{"line":23,"column":2},"end":{"line":26,"column":null}},"11":{"start":{"line":24,"column":25},"end":{"line":24,"column":60}},"12":{"start":{"line":25,"column":4},"end":{"line":25,"column":61}},"13":{"start":{"line":29,"column":2},"end":{"line":29,"column":44}},"14":{"start":{"line":32,"column":0},"end":{"line":32,"column":23}}},"fnMap":{"0":{"name":"(anonymous_1)","decl":{"start":{"line":13,"column":22},"end":{"line":13,"column":23}},"loc":{"start":{"line":13,"column":66},"end":{"line":30,"column":1}}}},"branchMap":{"0":{"loc":{"start":{"line":16,"column":2},"end":{"line":20,"column":null}},"type":"switch","locations":[{"start":{"line":17,"column":4},"end":{"line":19,"column":12}}]},"1":{"loc":{"start":{"line":23,"column":2},"end":{"line":26,"column":null}},"type":"if","locations":[{"start":{"line":23,"column":2},"end":{"line":26,"column":null}}]}},"s":{"0":1,"1":1,"2":1,"3":1,"4":1,"5":1,"6":6,"7":6,"8":6,"9":6,"10":6,"11":4,"12":4,"13":2,"14":1},"f":{"0":6},"b":{"0":[6],"1":[4]}}
,"C:\\Users\\gonza\\Desktop\\itb ts\\Dex-metrics-plotter\\service_provider\\src\\utilities\\generalErrorhandler.ts": {"path":"C:\\Users\\gonza\\Desktop\\itb ts\\Dex-metrics-plotter\\service_provider\\src\\utilities\\generalErrorhandler.ts","statementMap":{"0":{"start":{"line":4,"column":49},"end":{"line":7,"column":1}},"1":{"start":{"line":5,"column":2},"end":{"line":5,"column":26}},"2":{"start":{"line":6,"column":2},"end":{"line":6,"column":43}},"3":{"start":{"line":9,"column":0},"end":{"line":9,"column":29}}},"fnMap":{"0":{"name":"(anonymous_0)","decl":{"start":{"line":4,"column":49},"end":{"line":4,"column":50}},"loc":{"start":{"line":4,"column":73},"end":{"line":7,"column":1}}}},"branchMap":{},"s":{"0":1,"1":5,"2":5,"3":1},"f":{"0":5},"b":{}}
,"C:\\Users\\gonza\\Desktop\\itb ts\\Dex-metrics-plotter\\service_provider\\src\\utilities\\index.ts": {"path":"C:\\Users\\gonza\\Desktop\\itb ts\\Dex-metrics-plotter\\service_provider\\src\\utilities\\index.ts","statementMap":{"0":{"start":{"line":1,"column":0},"end":{"line":1,"column":7}},"1":{"start":{"line":4,"column":9},"end":{"line":1,"column":37}},"2":{"start":{"line":2,"column":0},"end":{"line":2,"column":7}},"3":{"start":{"line":4,"column":17},"end":{"line":2,"column":56}}},"fnMap":{},"branchMap":{},"s":{"0":1,"1":1,"2":1,"3":1},"f":{},"b":{}}
,"C:\\Users\\gonza\\Desktop\\itb ts\\Dex-metrics-plotter\\service_provider\\src\\utilities\\status\\index.ts": {"path":"C:\\Users\\gonza\\Desktop\\itb ts\\Dex-metrics-plotter\\service_provider\\src\\utilities\\status\\index.ts","statementMap":{"0":{"start":{"line":1,"column":0},"end":{"line":1,"column":7}},"1":{"start":{"line":4,"column":9},"end":{"line":1,"column":30}}},"fnMap":{},"branchMap":{},"s":{"0":1,"1":1},"f":{},"b":{}}
,"C:\\Users\\gonza\\Desktop\\itb ts\\Dex-metrics-plotter\\service_provider\\src\\utilities\\status\\status.ts": {"path":"C:\\Users\\gonza\\Desktop\\itb ts\\Dex-metrics-plotter\\service_provider\\src\\utilities\\status\\status.ts","statementMap":{"0":{"start":{"line":10,"column":2},"end":{"line":10,"column":46}},"1":{"start":{"line":13,"column":0},"end":{"line":13,"column":25}}},"fnMap":{"0":{"name":"createNewStatus","decl":{"start":{"line":4,"column":9},"end":{"line":4,"column":24}},"loc":{"start":{"line":8,"column":24},"end":{"line":11,"column":1}}}},"branchMap":{"0":{"loc":{"start":{"line":5,"column":2},"end":{"line":5,"column":24}},"type":"default-arg","locations":[{"start":{"line":5,"column":20},"end":{"line":5,"column":24}}]},"1":{"loc":{"start":{"line":6,"column":2},"end":{"line":6,"column":53}},"type":"default-arg","locations":[{"start":{"line":6,"column":20},"end":{"line":6,"column":53}}]},"2":{"loc":{"start":{"line":7,"column":2},"end":{"line":7,"column":31}},"type":"default-arg","locations":[{"start":{"line":7,"column":29},"end":{"line":7,"column":31}}]}},"s":{"0":8,"1":1},"f":{"0":8},"b":{"0":[0],"1":[0],"2":[0]}}
}
