TN:
SF:src\app.ts
FN:10,(anonymous_1)
FNF:1
FNH:0
FNDA:0,(anonymous_1)
DA:1,1
DA:2,1
DA:3,1
DA:4,1
DA:5,1
DA:6,1
DA:7,1
DA:10,1
DA:11,0
DA:17,1
DA:20,1
DA:23,1
DA:26,1
DA:29,1
DA:32,1
DA:34,1
LF:16
LH:15
BRF:0
BRH:0
end_of_record
TN:
SF:src\requestConfig.ts
FN:3,requestConfig
FN:8,(anonymous_2)
FNF:2
FNH:2
FNDA:1,requestConfig
FNDA:7,(anonymous_2)
DA:1,1
DA:4,1
DA:5,1
DA:8,1
DA:9,7
DA:10,7
DA:11,7
DA:12,0
DA:14,7
DA:18,1
LF:10
LH:9
BRDA:11,0,0,0
BRF:1
BRH:0
end_of_record
TN:
SF:src\bin\www.ts
FN:17,(anonymous_7)
FN:22,(anonymous_8)
FNF:2
FNH:1
FNDA:0,(anonymous_7)
FNDA:1,(anonymous_8)
DA:1,1
DA:2,1
DA:4,1
DA:8,1
DA:11,1
DA:14,1
DA:17,1
DA:18,0
DA:19,0
DA:22,1
DA:23,1
DA:26,1
LF:12
LH:10
BRDA:8,0,0,1
BRDA:8,0,1,0
BRDA:8,0,2,1
BRF:3
BRH:2
end_of_record
TN:
SF:src\controllers\index.ts
FNF:0
FNH:0
DA:1,1
DA:3,1
LF:2
LH:2
BRF:0
BRH:0
end_of_record
TN:
SF:src\controllers\metrics\getByDateRange.ts
FN:7,(anonymous_8)
FN:11,(anonymous_9)
FNF:2
FNH:2
FNDA:2,(anonymous_8)
FNDA:2,(anonymous_9)
DA:1,1
DA:2,1
DA:3,1
DA:5,1
DA:7,1
DA:11,2
DA:12,2
DA:14,2
DA:55,2
DA:56,0
DA:64,2
DA:66,0
DA:67,0
DA:75,1
LF:14
LH:11
BRDA:55,0,0,0
BRF:1
BRH:0
end_of_record
TN:
SF:src\controllers\metrics\index.ts
FNF:0
FNH:0
DA:1,1
DA:3,1
LF:2
LH:2
BRF:0
BRH:0
end_of_record
TN:
SF:src\functions\index.ts
FNF:0
FNH:0
DA:1,1
DA:3,1
LF:2
LH:2
BRF:0
BRH:0
end_of_record
TN:
SF:src\functions\metrics\getByDateRange.ts
FN:12,(anonymous_7)
FN:16,(anonymous_8)
FNF:2
FNH:2
FNDA:2,(anonymous_7)
FNDA:2,(anonymous_8)
DA:1,1
DA:12,1
DA:16,2
DA:17,2
DA:22,2
DA:25,1
LF:6
LH:6
BRF:0
BRH:0
end_of_record
TN:
SF:src\functions\metrics\index.ts
FNF:0
FNH:0
DA:1,1
DA:3,1
LF:2
LH:2
BRF:0
BRH:0
end_of_record
TN:
SF:src\loaders\index.ts
FN:3,init
FNF:1
FNH:1
FNDA:1,init
DA:1,1
DA:4,1
DA:7,1
LF:3
LH:3
BRF:0
BRH:0
end_of_record
TN:
SF:src\loaders\mongodbLoader.ts
FN:5,mongooseLoader
FNF:1
FNH:1
FNDA:1,mongooseLoader
DA:1,1
DA:2,1
DA:6,1
DA:8,1
DA:11,1
DA:12,1
DA:20,1
DA:23,1
DA:25,0
DA:26,0
DA:30,1
LF:11
LH:9
BRDA:8,0,0,1
BRDA:8,0,1,0
BRF:2
BRH:1
end_of_record
TN:
SF:src\mongooseModels\index.ts
FNF:0
FNH:0
DA:1,1
DA:3,1
LF:2
LH:2
BRF:0
BRH:0
end_of_record
TN:
SF:src\mongooseModels\pair.ts
FNF:0
FNH:0
DA:1,1
DA:4,1
DA:12,1
DA:14,1
LF:4
LH:4
BRF:0
BRH:0
end_of_record
TN:
SF:src\router\router.ts
FN:7,(anonymous_7)
FN:8,(anonymous_8)
FN:8,(anonymous_9)
FN:23,(anonymous_10)
FNF:4
FNH:4
FNDA:1,(anonymous_7)
FNDA:6,(anonymous_8)
FNDA:6,(anonymous_9)
FNDA:1,(anonymous_10)
DA:3,1
DA:4,1
DA:7,1
DA:8,6
DA:9,6
DA:10,6
DA:11,6
DA:13,2
DA:14,2
DA:15,2
DA:19,1
DA:23,1
DA:25,1
DA:36,1
LF:14
LH:14
BRDA:11,0,0,4
BRDA:11,0,1,2
BRDA:14,1,0,0
BRDA:14,1,1,2
BRF:4
BRH:3
end_of_record
TN:
SF:src\router\expressMiddlewares\index.ts
FNF:0
FNH:0
DA:1,1
DA:2,1
DA:4,1
LF:3
LH:3
BRF:0
BRH:0
end_of_record
TN:
SF:src\router\expressMiddlewares\authentication\apiKey.ts
FN:7,(anonymous_1)
FNF:1
FNH:1
FNDA:7,(anonymous_1)
DA:2,1
DA:4,1
DA:7,1
DA:8,7
DA:10,7
DA:11,6
DA:13,1
DA:16,1
LF:8
LH:8
BRDA:10,0,0,6
BRDA:10,0,1,1
BRF:2
BRH:2
end_of_record
TN:
SF:src\router\expressMiddlewares\authentication\index.ts
FNF:0
FNH:0
DA:1,1
DA:3,1
LF:2
LH:2
BRF:0
BRH:0
end_of_record
TN:
SF:src\router\expressMiddlewares\queryValidation\commands.ts
FNF:0
FNH:0
DA:3,1
DA:7,1
LF:2
LH:2
BRF:0
BRH:0
end_of_record
TN:
SF:src\router\expressMiddlewares\queryValidation\index.ts
FNF:0
FNH:0
DA:1,1
DA:2,1
DA:4,1
LF:3
LH:3
BRF:0
BRH:0
end_of_record
TN:
SF:src\router\expressMiddlewares\queryValidation\validateQuery.ts
FN:13,(anonymous_1)
FNF:1
FNH:1
FNDA:6,(anonymous_1)
DA:1,1
DA:2,1
DA:3,1
DA:4,1
DA:7,1
DA:13,1
DA:15,6
DA:16,6
DA:18,6
DA:19,6
DA:23,6
DA:24,4
DA:25,4
DA:29,2
DA:32,1
LF:15
LH:15
BRDA:16,0,0,6
BRDA:23,1,0,4
BRF:2
BRH:2
end_of_record
TN:
SF:src\utilities\generalErrorhandler.ts
FN:4,(anonymous_0)
FNF:1
FNH:1
FNDA:5,(anonymous_0)
DA:4,1
DA:5,5
DA:6,5
DA:9,1
LF:4
LH:4
BRF:0
BRH:0
end_of_record
TN:
SF:src\utilities\index.ts
FNF:0
FNH:0
DA:1,1
DA:2,1
DA:4,1
LF:3
LH:3
BRF:0
BRH:0
end_of_record
TN:
SF:src\utilities\status\index.ts
FNF:0
FNH:0
DA:1,1
DA:4,1
LF:2
LH:2
BRF:0
BRH:0
end_of_record
TN:
SF:src\utilities\status\status.ts
FN:4,createNewStatus
FNF:1
FNH:1
FNDA:8,createNewStatus
DA:10,8
DA:13,1
LF:2
LH:2
BRDA:5,0,0,0
BRDA:6,1,0,0
BRDA:7,2,0,0
BRF:3
BRH:0
end_of_record
